<?xml version="1.0" encoding="UTF-8"?>
<!-- Generated by org.testng.reporters.JUnitReportReporter -->
<testsuite hostname="Kuldeep" name="DriverFactory.DriverScript" tests="1" failures="0" timestamp="14 Nov 2018 09:27:18 GMT" time="107.003" errors="0">
  <testcase name="keywordDrivenTest" time="107.003" classname="DriverFactory.DriverScript"/>
</testsuite> <!-- DriverFactory.DriverScript -->
